Build started 5/15/2020 12:29:15 AM.
Project "C:\Users\user\Desktop\DEFCON2-master\targets\msvc\Defcon.vcxproj" on node 2 (rebuild target(s)).
_PrepareForClean:
  Deleting file ".\Release\Defcon.lastbuildstate".
InitializeBuildStatus:
  Creating ".\Release\Defcon.unsuccessfulbuild" because "AlwaysCreate" was specified.
ClCompile:
  C:\Program Files\Microsoft Visual Studio 10.0\VC\bin\CL.exe /c /I../../source/ /I../../contrib/SystemIV/ /I../../contrib/SystemIV/contrib/oggvorbis/include/ /I../../contrib/SystemIV/contrib/ /I../../contrib/ambx1.1/inc /I../../contrib/steam/public/ /I"C:\Program Files\Microsoft DirectX SDK (June 2010)\\Include" /Zi /nologo /W3 /WX- /O2 /Ob1 /Oi /Ot /Oy- /GL /D TARGET_MSVC /D _CRT_SECURE_NO_DEPRECATE /D _CRT_NONSTDC_NO_DEPRECATE /D _VC80_UPGRADE=0x0600 /D _MBCS /GF /Gm- /EHsc /MT /GS /Gy /fp:precise /Zc:wchar_t /Zc:forScope /Yc"lib/universal_include.h" /Fp".\Release/Defcon.pch" /Fo".\Release/" /Fd".\Release/vc100.pdb" /FR".\Release\\" /Gd /TP /analyze- /errorReport:prompt ..\..\source\lib\universal_include.cpp
  universal_include.cpp
  C:\Program Files\Microsoft Visual Studio 10.0\VC\bin\CL.exe /c /I../../source/ /I../../contrib/SystemIV/ /I../../contrib/SystemIV/contrib/oggvorbis/include/ /I../../contrib/SystemIV/contrib/ /I../../contrib/ambx1.1/inc /I../../contrib/steam/public/ /I"C:\Program Files\Microsoft DirectX SDK (June 2010)\\Include" /Zi /nologo /W3 /WX- /O2 /Ob1 /Oi /Ot /Oy- /GL /D TARGET_MSVC /D _CRT_SECURE_NO_DEPRECATE /D _CRT_NONSTDC_NO_DEPRECATE /D _VC80_UPGRADE=0x0600 /D _MBCS /GF /Gm- /EHsc /MT /GS /Gy /fp:precise /Zc:wchar_t /Zc:forScope /Yu"lib/universal_include.h" /Fp".\Release/Defcon.pch" /Fo".\Release/" /Fd".\Release/vc100.pdb" /FR".\Release\\" /Gd /TP /analyze- /errorReport:prompt ..\..\source\app\app.cpp ..\..\source\app\defcon_soundinterface.cpp ..\..\source\app\game.cpp ..\..\source\app\game_history.cpp ..\..\source\app\modsystem.cpp ..\..\source\app\statusicon.cpp ..\..\source\app\trayicon.cpp ..\..\source\app\tutorial.cpp ..\..\source\app\tutorial_defcon.cpp ..\..\source\app\version_manager.cpp ..\..\contrib\SystemIV\lib\debug_utils.cpp ..\..\contrib\SystemIV\lib\hi_res_time.cpp ..\..\contrib\SystemIV\lib\language_table.cpp ..\..\contrib\SystemIV\lib\memory_leak.cpp ..\..\source\interface\nuke_authorization.cpp ..\..\source\interface\sha512.cpp ..\..\source\lib\multiline_text.cpp ..\..\contrib\SystemIV\lib\preferences.cpp ..\..\contrib\SystemIV\lib\profiler.cpp ..\..\contrib\SystemIV\lib\string_utils.cpp ..\..\contrib\SystemIV\lib\resource\bitmap.cpp ..\..\contrib\SystemIV\lib\resource\bitmapfont.cpp ..\..\contrib\SystemIV\lib\resource\image.cpp ..\..\contrib\SystemIV\lib\resource\resource.cpp ..\..\contrib\SystemIV\lib\render\colour.cpp ..\..\contrib\SystemIV\lib\render\renderer.cpp ..\..\contrib\SystemIV\lib\render\styletable.cpp ..\..\contrib\SystemIV\lib\eclipse\eclbutton.cpp ..\..\contrib\SystemIV\lib\eclipse\eclipse.cpp ..\..\contrib\SystemIV\lib\eclipse\eclwindow.cpp ..\..\contrib\SystemIV\lib\filesys\binary_stream_readers.cpp ..\..\contrib\SystemIV\lib\filesys\file_system.cpp ..\..\contrib\SystemIV\lib\filesys\filesys_utils.cpp ..\..\contrib\SystemIV\lib\filesys\text_file_writer.cpp ..\..\contrib\SystemIV\lib\filesys\text_stream_readers.cpp ..\..\contrib\SystemIV\lib\gucci\input.cpp ..\..\contrib\SystemIV\lib\gucci\input_win32.cpp ..\..\contrib\SystemIV\lib\gucci\window_manager.cpp ..\..\contrib\SystemIV\lib\gucci\window_manager_win32.cpp ..\..\contrib\SystemIV\lib\math\fixed_64.cpp ..\..\contrib\SystemIV\lib\math\fixed_float.cpp ..\..\contrib\SystemIV\lib\math\hash.cpp ..\..\contrib\SystemIV\lib\math\math_utils.cpp ..\..\contrib\SystemIV\lib\math\random_number.cpp ..\..\contrib\SystemIV\lib\math\vector3.cpp ..\..\contrib\SystemIV\lib\netlib\net_lib.cpp ..\..\contrib\SystemIV\lib\netlib\net_mutex_win32.cpp ..\..\contrib\SystemIV\lib\netlib\net_socket.cpp ..\..\contrib\SystemIV\lib\netlib\net_socket_listener.cpp ..\..\contrib\SystemIV\lib\netlib\net_socket_session.cpp ..\..\contrib\SystemIV\lib\netlib\net_thread_win32.cpp ..\..\contrib\SystemIV\lib\netlib\net_udp_packet.cpp ..\..\contrib\SystemIV\lib\tosser\directory.cpp ..\..\contrib\SystemIV\lib\metaserver\authentication.cpp ..\..\contrib\SystemIV\lib\metaserver\matchmaker.cpp ..\..\contrib\SystemIV\lib\metaserver\metaserver.cpp ..\..\contrib\SystemIV\lib\sound\sound_blueprint_manager.cpp ..\..\contrib\SystemIV\lib\sound\sound_filter.cpp ..\..\contrib\SystemIV\lib\sound\sound_instance.cpp ..\..\contrib\SystemIV\lib\sound\sound_library_2d.cpp ..\..\contrib\SystemIV\lib\sound\sound_library_3d.cpp ..\..\contrib\SystemIV\lib\sound\sound_library_3d_dsound.cpp ..\..\contrib\SystemIV\lib\sound\sound_parameter.cpp ..\..\contrib\SystemIV\lib\sound\sound_sample_bank.cpp ..\..\contrib\SystemIV\lib\sound\sound_sample_decoder.cpp ..\..\contrib\SystemIV\lib\sound\soundsystem.cpp ..\..\contrib\SystemIV\lib\sound\soundsystem_interface.cpp ..\..\source\renderer\animated_icon.cpp ..\..\source\renderer\lobby_renderer.cpp ..\..\source\renderer\map_renderer.cpp ..\..\source\network\ClientToServer.cpp ..\..\source\network\Server.cpp ..\..\source\network\ServerToClient.cpp ..\..\source\world\airbase.cpp ..\..\source\world\battleship.cpp ..\..\source\world\blip.cpp ..\..\source\world\bomber.cpp ..\..\source\world\carrier.cpp ..\..\source\world\city.cpp ..\..\source\world\date.cpp ..\..\source\world\depthcharge.cpp ..\..\source\world\earthdata.cpp ..\..\source\world\explosion.cpp ..\..\source\world\fighter.cpp ..\..\source\world\fleet.cpp ..\..\source\world\gunfire.cpp ..\..\source\world\movingobject.cpp ..\..\source\world\node.cpp ..\..\source\world\nuke.cpp ..\..\source\world\radargrid.cpp ..\..\source\world\radarstation.cpp ..\..\source\world\saucer.cpp ..\..\source\world\silo.cpp ..\..\source\world\sub.cpp ..\..\source\world\team.cpp ..\..\source\world\tornado.cpp ..\..\source\world\votingsystem.cpp ..\..\source\world\whiteboard.cpp ..\..\source\world\world.cpp ..\..\source\world\worldobject.cpp ..\..\contrib\SystemIV\contrib\XCrashReport\client\exception_handler.cpp ..\..\contrib\SystemIV\contrib\XCrashReport\client\GetWinVer.cpp ..\..\contrib\SystemIV\contrib\XCrashReport\client\MiniVersion.cpp ..\..\source\interface\alliances_window.cpp ..\..\source\interface\authkey_window.cpp ..\..\source\interface\badkey_window.cpp ..\..\source\interface\casualties_window.cpp ..\..\source\interface\chat_window.cpp ..\..\source\interface\connecting_window.cpp ..\..\source\interface\debug_window.cpp ..\..\source\interface\demo_window.cpp ..\..\source\interface\fading_window.cpp ..\..\source\interface\fleet_placement_icon.cpp ..\..\source\interface\info_window.cpp ..\..\source\interface\interface.cpp ..\..\source\interface\lobby_window.cpp ..\..\source\interface\mainmenu.cpp ..\..\source\interface\mod_window.cpp ..\..\source\interface\network_window.cpp ..\..\source\interface\placement_icon.cpp ..\..\source\interface\profile_window.cpp ..\..\source\interface\resynchronise_window.cpp ..\..\source\interface\serverbrowser_window.cpp ..\..\source\interface\serverdetails_window.cpp ..\..\source\interface\side_panel.cpp ..\..\contrib\SystemIV\interface\styleeditor_window.cpp ..\..\source\interface\toolbar.cpp ..\..\source\interface\tutorial_window.cpp ..\..\source\interface\whiteboard_panel.cpp ..\..\source\interface\worldobject_window.cpp ..\..\source\interface\worldstatus_window.cpp ..\..\contrib\SystemIV\interface\components\checkbox.cpp ..\..\contrib\SystemIV\interface\components\core.cpp ..\..\contrib\SystemIV\interface\components\drop_down_menu.cpp ..\..\contrib\SystemIV\interface\components\filedialog.cpp ..\..\contrib\SystemIV\interface\components\inputfield.cpp ..\..\contrib\SystemIV\interface\components\message_dialog.cpp ..\..\contrib\SystemIV\interface\components\scrollbar.cpp ..\..\contrib\SystemIV\interface\soundsystem\soundeditor_window.cpp ..\..\contrib\SystemIV\interface\soundsystem\soundparameter_window.cpp ..\..\contrib\SystemIV\interface\soundsystem\soundstats_window.cpp ..\..\contrib\SystemIV\interface\options\screenoptions_window.cpp ..\..\contrib\SystemIV\interface\options\soundoptions_window.cpp ..\..\source\defcon.cpp
  app.cpp
  defcon_soundinterface.cpp
  game.cpp
  game_history.cpp
  modsystem.cpp
  statusicon.cpp
  trayicon.cpp
  tutorial.cpp
  tutorial_defcon.cpp
  version_manager.cpp
  debug_utils.cpp
  hi_res_time.cpp
  language_table.cpp
  memory_leak.cpp
  nuke_authorization.cpp
  sha512.cpp
  multiline_text.cpp
  preferences.cpp
  profiler.cpp
  string_utils.cpp
  Compiling...
  bitmap.cpp
  bitmapfont.cpp
  image.cpp
  resource.cpp
  colour.cpp
  renderer.cpp
  styletable.cpp
  eclbutton.cpp
  eclipse.cpp
  eclwindow.cpp
  binary_stream_readers.cpp
  file_system.cpp
  filesys_utils.cpp
  text_file_writer.cpp
  text_stream_readers.cpp
  input.cpp
  input_win32.cpp
  window_manager.cpp
  window_manager_win32.cpp
..\..\contrib\SystemIV\lib\gucci\window_manager_win32.cpp(15): warning C4005: 'LLKHF_ALTDOWN' : macro redefinition
          C:\Program Files\Microsoft SDKs\Windows\v7.0A\include\winuser.h(935) : see previous definition of 'LLKHF_ALTDOWN'
  fixed_64.cpp
  Compiling...
  fixed_float.cpp
  hash.cpp
c:\users\user\desktop\defcon2-master\contrib\systemiv\contrib\unrar\os.h(25): warning C4005: 'WINVER' : macro redefinition
          C:\Program Files\Microsoft SDKs\Windows\v7.0A\include\sdkddkver.h(212) : see previous definition of 'WINVER'
c:\users\user\desktop\defcon2-master\contrib\systemiv\contrib\unrar\os.h(26): warning C4005: '_WIN32_WINNT' : macro redefinition
          C:\Program Files\Microsoft SDKs\Windows\v7.0A\include\sdkddkver.h(197) : see previous definition of '_WIN32_WINNT'
  math_utils.cpp
  random_number.cpp
  vector3.cpp
  net_lib.cpp
  net_mutex_win32.cpp
  net_socket.cpp
  net_socket_listener.cpp
  net_socket_session.cpp
  net_thread_win32.cpp
  net_udp_packet.cpp
  directory.cpp
  authentication.cpp
  matchmaker.cpp
  metaserver.cpp
  sound_blueprint_manager.cpp
  sound_filter.cpp
  sound_instance.cpp
  sound_library_2d.cpp
  Compiling...
  sound_library_3d.cpp
  sound_library_3d_dsound.cpp
  sound_parameter.cpp
  sound_sample_bank.cpp
  sound_sample_decoder.cpp
  soundsystem.cpp
  soundsystem_interface.cpp
  animated_icon.cpp
  lobby_renderer.cpp
  map_renderer.cpp
  ClientToServer.cpp
  Server.cpp
  ServerToClient.cpp
  airbase.cpp
  battleship.cpp
  blip.cpp
  bomber.cpp
  carrier.cpp
  city.cpp
  date.cpp
  Compiling...
  depthcharge.cpp
  earthdata.cpp
  explosion.cpp
  fighter.cpp
  fleet.cpp
  gunfire.cpp
  movingobject.cpp
  node.cpp
  nuke.cpp
..\..\source\world\nuke.cpp(198): warning C4553: '==' : operator has no effect; did you intend '='?
  radargrid.cpp
  radarstation.cpp
  saucer.cpp
  silo.cpp
  sub.cpp
  team.cpp
  tornado.cpp
  votingsystem.cpp
  whiteboard.cpp
  world.cpp
  worldobject.cpp
  Compiling...
  exception_handler.cpp
  GetWinVer.cpp
  MiniVersion.cpp
  alliances_window.cpp
  authkey_window.cpp
  badkey_window.cpp
  casualties_window.cpp
  chat_window.cpp
  connecting_window.cpp
  debug_window.cpp
  demo_window.cpp
  fading_window.cpp
  fleet_placement_icon.cpp
  info_window.cpp
  interface.cpp
  lobby_window.cpp
  mainmenu.cpp
  mod_window.cpp
  network_window.cpp
  placement_icon.cpp
  Compiling...
  profile_window.cpp
  resynchronise_window.cpp
  serverbrowser_window.cpp
  serverdetails_window.cpp
  side_panel.cpp
  styleeditor_window.cpp
  toolbar.cpp
  tutorial_window.cpp
  whiteboard_panel.cpp
  worldobject_window.cpp
  worldstatus_window.cpp
  checkbox.cpp
  core.cpp
  drop_down_menu.cpp
  filedialog.cpp
  inputfield.cpp
  message_dialog.cpp
  scrollbar.cpp
  soundeditor_window.cpp
  soundparameter_window.cpp
  Compiling...
  soundstats_window.cpp
  screenoptions_window.cpp
  soundoptions_window.cpp
  defcon.cpp
c:\users\user\desktop\defcon2-master\contrib\systemiv\contrib\unrar\os.h(25): warning C4005: 'WINVER' : macro redefinition
          C:\Program Files\Microsoft SDKs\Windows\v7.0A\include\sdkddkver.h(212) : see previous definition of 'WINVER'
c:\users\user\desktop\defcon2-master\contrib\systemiv\contrib\unrar\os.h(26): warning C4005: '_WIN32_WINNT' : macro redefinition
          C:\Program Files\Microsoft SDKs\Windows\v7.0A\include\sdkddkver.h(197) : see previous definition of '_WIN32_WINNT'
ResourceCompile:
  C:\Program Files\Microsoft SDKs\Windows\v7.0A\bin\rc.exe /D NDEBUG /D _VC80_UPGRADE=0x0600 /l"0x0809" /I\Development\Defcon\resources /nologo /fo".\Release\Script1.res" ..\..\resources\Script1.rc 
C:\Program Files\MSBuild\Microsoft.Cpp\v4.0\Microsoft.CppBuild.targets(990,5): warning MSB8012: TargetPath(C:\Users\user\Desktop\DEFCON2-master\targets\msvc\.\Release\Defcon.exe) does not match the Linker's OutputFile property value (C:\Users\user\Desktop\DEFCON2-master\Defcon.exe). This may cause your project to build incorrectly. To correct this, please make sure that $(OutDir), $(TargetName) and $(TargetExt) property values match the value specified in %(Link.OutputFile).
Link:
  C:\Program Files\Microsoft Visual Studio 10.0\VC\bin\link.exe /ERRORREPORT:PROMPT /OUT:"../../Defcon.exe" /INCREMENTAL:NO /NOLOGO /LIBPATH:"C:\Program Files\Microsoft DirectX SDK (June 2010)\\Lib\x86" odbc32.lib odbccp32.lib wsock32.lib opengl32.lib glu32.lib dsound.lib dxguid.lib dxerr.lib dbghelp.lib Ws2_32.lib kernel32.lib user32.lib gdi32.lib winspool.lib comdlg32.lib advapi32.lib shell32.lib ole32.lib oleaut32.lib uuid.lib odbc32.lib odbccp32.lib /NODEFAULTLIB:libcd /NODEFAULTLIB:libc /NODEFAULTLIB:libcmtd /NODEFAULTLIB:libcp /MANIFEST /ManifestFile:".\Release\Defcon.exe.intermediate.manifest" /MANIFESTUAC:"level='asInvoker' uiAccess='false'" /DEBUG /PDB:"../../Defcon.pdb" /MAP /SUBSYSTEM:WINDOWS /LTCG /TLBID:1 /DYNAMICBASE:NO /IMPLIB:".\Release\Defcon.lib" /MACHINE:X86 .\Release\Script1.res
  .\Release/app.obj
  .\Release/defcon_soundinterface.obj
  .\Release/game.obj
  .\Release/game_history.obj
  .\Release/modsystem.obj
  .\Release/statusicon.obj
  .\Release/trayicon.obj
  .\Release/tutorial.obj
  .\Release/tutorial_defcon.obj
  .\Release/version_manager.obj
  .\Release/debug_utils.obj
  .\Release/hi_res_time.obj
  .\Release/language_table.obj
  .\Release/memory_leak.obj
  .\Release/nuke_authorization.obj
  .\Release/sha512.obj
  .\Release/multiline_text.obj
  .\Release/preferences.obj
  .\Release/profiler.obj
  .\Release/string_utils.obj
  .\Release/universal_include.obj
  .\Release/bitmap.obj
  .\Release/bitmapfont.obj
  .\Release/image.obj
  .\Release/resource.obj
  .\Release/colour.obj
  .\Release/renderer.obj
  .\Release/styletable.obj
  .\Release/eclbutton.obj
  .\Release/eclipse.obj
  .\Release/eclwindow.obj
  .\Release/binary_stream_readers.obj
  .\Release/file_system.obj
  .\Release/filesys_utils.obj
  .\Release/text_file_writer.obj
  .\Release/text_stream_readers.obj
  .\Release/input.obj
  .\Release/input_win32.obj
  .\Release/window_manager.obj
  .\Release/window_manager_win32.obj
  .\Release/fixed_64.obj
  .\Release/fixed_float.obj
  .\Release/hash.obj
  .\Release/math_utils.obj
  .\Release/random_number.obj
  .\Release/vector3.obj
  .\Release/net_lib.obj
  .\Release/net_mutex_win32.obj
  .\Release/net_socket.obj
  .\Release/net_socket_listener.obj
  .\Release/net_socket_session.obj
  .\Release/net_thread_win32.obj
  .\Release/net_udp_packet.obj
  .\Release/directory.obj
  .\Release/authentication.obj
  .\Release/matchmaker.obj
  .\Release/metaserver.obj
  .\Release/sound_blueprint_manager.obj
  .\Release/sound_filter.obj
  .\Release/sound_instance.obj
  .\Release/sound_library_2d.obj
  .\Release/sound_library_3d.obj
  .\Release/sound_library_3d_dsound.obj
  .\Release/sound_parameter.obj
  .\Release/sound_sample_bank.obj
  .\Release/sound_sample_decoder.obj
  .\Release/soundsystem.obj
  .\Release/soundsystem_interface.obj
  .\Release/animated_icon.obj
  .\Release/lobby_renderer.obj
  .\Release/map_renderer.obj
  .\Release/ClientToServer.obj
  .\Release/Server.obj
  .\Release/ServerToClient.obj
  .\Release/airbase.obj
  .\Release/battleship.obj
  .\Release/blip.obj
  .\Release/bomber.obj
  .\Release/carrier.obj
  .\Release/city.obj
  .\Release/date.obj
  .\Release/depthcharge.obj
  .\Release/earthdata.obj
  .\Release/explosion.obj
  .\Release/fighter.obj
  .\Release/fleet.obj
  .\Release/gunfire.obj
  .\Release/movingobject.obj
  .\Release/node.obj
  .\Release/nuke.obj
  .\Release/radargrid.obj
  .\Release/radarstation.obj
  .\Release/saucer.obj
  .\Release/silo.obj
  .\Release/sub.obj
  .\Release/team.obj
  .\Release/tornado.obj
  .\Release/votingsystem.obj
  .\Release/whiteboard.obj
  .\Release/world.obj
  .\Release/worldobject.obj
  .\Release/exception_handler.obj
  .\Release/GetWinVer.obj
  .\Release/MiniVersion.obj
  .\Release/alliances_window.obj
  .\Release/authkey_window.obj
  .\Release/badkey_window.obj
  .\Release/casualties_window.obj
  .\Release/chat_window.obj
  .\Release/connecting_window.obj
  .\Release/debug_window.obj
  .\Release/demo_window.obj
  .\Release/fading_window.obj
  .\Release/fleet_placement_icon.obj
  .\Release/info_window.obj
  .\Release/interface.obj
  .\Release/lobby_window.obj
  .\Release/mainmenu.obj
  .\Release/mod_window.obj
  .\Release/network_window.obj
  .\Release/placement_icon.obj
  .\Release/profile_window.obj
  .\Release/resynchronise_window.obj
  .\Release/serverbrowser_window.obj
  .\Release/serverdetails_window.obj
  .\Release/side_panel.obj
  .\Release/styleeditor_window.obj
  .\Release/toolbar.obj
  .\Release/tutorial_window.obj
  .\Release/whiteboard_panel.obj
  .\Release/worldobject_window.obj
  .\Release/worldstatus_window.obj
  .\Release/checkbox.obj
  .\Release/core.obj
  .\Release/drop_down_menu.obj
  .\Release/filedialog.obj
  .\Release/inputfield.obj
  .\Release/message_dialog.obj
  .\Release/scrollbar.obj
  .\Release/soundeditor_window.obj
  .\Release/soundparameter_window.obj
  .\Release/soundstats_window.obj
  .\Release/screenoptions_window.obj
  .\Release/soundoptions_window.obj
  .\Release/defcon.obj
  ..\..\contrib\SystemIV\contrib\oggvorbis\lib\ogg_static.lib
  ..\..\contrib\SystemIV\contrib\unrar\unrar.lib
  ..\..\contrib\SystemIV\contrib\oggvorbis\lib\vorbis_static.lib
  ..\..\contrib\SystemIV\contrib\oggvorbis\lib\vorbisfile_static.lib
  Generating code
  Finished generating code
  Defcon.vcxproj -> C:\Users\user\Desktop\DEFCON2-master\targets\msvc\.\Release\Defcon.exe
Manifest:
  C:\Program Files\Microsoft SDKs\Windows\v7.0A\bin\mt.exe /nologo /verbose /outputresource:"../../Defcon.exe;#1" /manifest .\Release\Defcon.exe.intermediate.manifest
BscMake:
  C:\Program Files\Microsoft Visual Studio 10.0\VC\bin\bscmake.exe /nologo /o".\Release/Defcon.bsc" .\Release\app.sbr .\Release\defcon_soundinterface.sbr .\Release\game.sbr .\Release\game_history.sbr .\Release\modsystem.sbr .\Release\statusicon.sbr .\Release\trayicon.sbr .\Release\tutorial.sbr .\Release\tutorial_defcon.sbr .\Release\version_manager.sbr .\Release\debug_utils.sbr .\Release\hi_res_time.sbr .\Release\language_table.sbr .\Release\memory_leak.sbr .\Release\nuke_authorization.sbr .\Release\sha512.sbr .\Release\multiline_text.sbr .\Release\preferences.sbr .\Release\profiler.sbr .\Release\string_utils.sbr .\Release\universal_include.sbr .\Release\bitmap.sbr .\Release\bitmapfont.sbr .\Release\image.sbr .\Release\resource.sbr .\Release\colour.sbr .\Release\renderer.sbr .\Release\styletable.sbr .\Release\eclbutton.sbr .\Release\eclipse.sbr .\Release\eclwindow.sbr .\Release\binary_stream_readers.sbr .\Release\file_system.sbr .\Release\filesys_utils.sbr .\Release\text_file_writer.sbr .\Release\text_stream_readers.sbr .\Release\input.sbr .\Release\input_win32.sbr .\Release\window_manager.sbr .\Release\window_manager_win32.sbr .\Release\fixed_64.sbr .\Release\fixed_float.sbr .\Release\hash.sbr .\Release\math_utils.sbr .\Release\random_number.sbr .\Release\vector3.sbr .\Release\net_lib.sbr .\Release\net_mutex_win32.sbr .\Release\net_socket.sbr .\Release\net_socket_listener.sbr .\Release\net_socket_session.sbr .\Release\net_thread_win32.sbr .\Release\net_udp_packet.sbr .\Release\directory.sbr .\Release\authentication.sbr .\Release\matchmaker.sbr .\Release\metaserver.sbr .\Release\sound_blueprint_manager.sbr .\Release\sound_filter.sbr .\Release\sound_instance.sbr .\Release\sound_library_2d.sbr .\Release\sound_library_3d.sbr .\Release\sound_library_3d_dsound.sbr .\Release\sound_parameter.sbr .\Release\sound_sample_bank.sbr .\Release\sound_sample_decoder.sbr .\Release\soundsystem.sbr .\Release\soundsystem_interface.sbr .\Release\animated_icon.sbr .\Release\lobby_renderer.sbr .\Release\map_renderer.sbr .\Release\ClientToServer.sbr .\Release\Server.sbr .\Release\ServerToClient.sbr .\Release\airbase.sbr .\Release\battleship.sbr .\Release\blip.sbr .\Release\bomber.sbr .\Release\carrier.sbr .\Release\city.sbr .\Release\date.sbr .\Release\depthcharge.sbr .\Release\earthdata.sbr .\Release\explosion.sbr .\Release\fighter.sbr .\Release\fleet.sbr .\Release\gunfire.sbr .\Release\movingobject.sbr .\Release\node.sbr .\Release\nuke.sbr .\Release\radargrid.sbr .\Release\radarstation.sbr .\Release\saucer.sbr .\Release\silo.sbr .\Release\sub.sbr .\Release\team.sbr .\Release\tornado.sbr .\Release\votingsystem.sbr .\Release\whiteboard.sbr .\Release\world.sbr .\Release\worldobject.sbr .\Release\exception_handler.sbr .\Release\GetWinVer.sbr .\Release\MiniVersion.sbr .\Release\alliances_window.sbr .\Release\authkey_window.sbr .\Release\badkey_window.sbr .\Release\casualties_window.sbr .\Release\chat_window.sbr .\Release\connecting_window.sbr .\Release\debug_window.sbr .\Release\demo_window.sbr .\Release\fading_window.sbr .\Release\fleet_placement_icon.sbr .\Release\info_window.sbr .\Release\interface.sbr .\Release\lobby_window.sbr .\Release\mainmenu.sbr .\Release\mod_window.sbr .\Release\network_window.sbr .\Release\placement_icon.sbr .\Release\profile_window.sbr .\Release\resynchronise_window.sbr .\Release\serverbrowser_window.sbr .\Release\serverdetails_window.sbr .\Release\side_panel.sbr .\Release\styleeditor_window.sbr .\Release\toolbar.sbr .\Release\tutorial_window.sbr .\Release\whiteboard_panel.sbr .\Release\worldobject_window.sbr .\Release\worldstatus_window.sbr .\Release\checkbox.sbr .\Release\core.sbr .\Release\drop_down_menu.sbr .\Release\filedialog.sbr .\Release\inputfield.sbr .\Release\message_dialog.sbr .\Release\scrollbar.sbr .\Release\soundeditor_window.sbr .\Release\soundparameter_window.sbr .\Release\soundstats_window.sbr .\Release\screenoptions_window.sbr .\Release\soundoptions_window.sbr .\Release\defcon.sbr
FinalizeBuildStatus:
  Deleting file ".\Release\Defcon.unsuccessfulbuild".
  Touching ".\Release\Defcon.lastbuildstate".
Done Building Project "C:\Users\user\Desktop\DEFCON2-master\targets\msvc\Defcon.vcxproj" (rebuild target(s)).

Build succeeded.

Time Elapsed 00:00:33.34
