.\Release\Defcon.bsc
C:\USERS\USER\DESKTOP\DEFCON2-MASTER\DEFCON.EXE
C:\USERS\USER\DESKTOP\DEFCON2-MASTER\DEFCON.MAP
C:\USERS\USER\DESKTOP\DEFCON2-MASTER\DEFCON.PDB
C:\Users\user\Desktop\DEFCON2-master\targets\msvc\.\Release\Defcon.exe.intermediate.manifest
C:\USERS\USER\DESKTOP\DEFCON2-MASTER\TARGETS\MSVC\RELEASE\AIRBASE.OBJ
C:\USERS\USER\DESKTOP\DEFCON2-MASTER\TARGETS\MSVC\RELEASE\AIRBASE.SBR
C:\USERS\USER\DESKTOP\DEFCON2-MASTER\TARGETS\MSVC\RELEASE\ALLIANCES_WINDOW.OBJ
C:\USERS\USER\DESKTOP\DEFCON2-MASTER\TARGETS\MSVC\RELEASE\ALLIANCES_WINDOW.SBR
C:\USERS\USER\DESKTOP\DEFCON2-MASTER\TARGETS\MSVC\RELEASE\ANIMATED_ICON.OBJ
C:\USERS\USER\DESKTOP\DEFCON2-MASTER\TARGETS\MSVC\RELEASE\ANIMATED_ICON.SBR
C:\USERS\USER\DESKTOP\DEFCON2-MASTER\TARGETS\MSVC\RELEASE\APP.OBJ
C:\USERS\USER\DESKTOP\DEFCON2-MASTER\TARGETS\MSVC\RELEASE\APP.SBR
C:\USERS\USER\DESKTOP\DEFCON2-MASTER\TARGETS\MSVC\RELEASE\AUTHENTICATION.OBJ
C:\USERS\USER\DESKTOP\DEFCON2-MASTER\TARGETS\MSVC\RELEASE\AUTHENTICATION.SBR
C:\USERS\USER\DESKTOP\DEFCON2-MASTER\TARGETS\MSVC\RELEASE\AUTHKEY_WINDOW.OBJ
C:\USERS\USER\DESKTOP\DEFCON2-MASTER\TARGETS\MSVC\RELEASE\AUTHKEY_WINDOW.SBR
C:\USERS\USER\DESKTOP\DEFCON2-MASTER\TARGETS\MSVC\RELEASE\BADKEY_WINDOW.OBJ
C:\USERS\USER\DESKTOP\DEFCON2-MASTER\TARGETS\MSVC\RELEASE\BADKEY_WINDOW.SBR
C:\USERS\USER\DESKTOP\DEFCON2-MASTER\TARGETS\MSVC\RELEASE\BATTLESHIP.OBJ
C:\USERS\USER\DESKTOP\DEFCON2-MASTER\TARGETS\MSVC\RELEASE\BATTLESHIP.SBR
C:\USERS\USER\DESKTOP\DEFCON2-MASTER\TARGETS\MSVC\RELEASE\BINARY_STREAM_READERS.OBJ
C:\USERS\USER\DESKTOP\DEFCON2-MASTER\TARGETS\MSVC\RELEASE\BINARY_STREAM_READERS.SBR
C:\USERS\USER\DESKTOP\DEFCON2-MASTER\TARGETS\MSVC\RELEASE\BITMAP.OBJ
C:\USERS\USER\DESKTOP\DEFCON2-MASTER\TARGETS\MSVC\RELEASE\BITMAP.SBR
C:\USERS\USER\DESKTOP\DEFCON2-MASTER\TARGETS\MSVC\RELEASE\BITMAPFONT.OBJ
C:\USERS\USER\DESKTOP\DEFCON2-MASTER\TARGETS\MSVC\RELEASE\BITMAPFONT.SBR
C:\USERS\USER\DESKTOP\DEFCON2-MASTER\TARGETS\MSVC\RELEASE\BLIP.OBJ
C:\USERS\USER\DESKTOP\DEFCON2-MASTER\TARGETS\MSVC\RELEASE\BLIP.SBR
C:\USERS\USER\DESKTOP\DEFCON2-MASTER\TARGETS\MSVC\RELEASE\BOMBER.OBJ
C:\USERS\USER\DESKTOP\DEFCON2-MASTER\TARGETS\MSVC\RELEASE\BOMBER.SBR
C:\Users\user\Desktop\DEFCON2-master\targets\msvc\Release\BscMake.command.1.tlog
C:\Users\user\Desktop\DEFCON2-master\targets\msvc\Release\bscmake.read.1.tlog
C:\Users\user\Desktop\DEFCON2-master\targets\msvc\Release\bscmake.write.1.tlog
C:\USERS\USER\DESKTOP\DEFCON2-MASTER\TARGETS\MSVC\RELEASE\CARRIER.OBJ
C:\USERS\USER\DESKTOP\DEFCON2-MASTER\TARGETS\MSVC\RELEASE\CARRIER.SBR
C:\USERS\USER\DESKTOP\DEFCON2-MASTER\TARGETS\MSVC\RELEASE\CASUALTIES_WINDOW.OBJ
C:\USERS\USER\DESKTOP\DEFCON2-MASTER\TARGETS\MSVC\RELEASE\CASUALTIES_WINDOW.SBR
C:\USERS\USER\DESKTOP\DEFCON2-MASTER\TARGETS\MSVC\RELEASE\CHAT_WINDOW.OBJ
C:\USERS\USER\DESKTOP\DEFCON2-MASTER\TARGETS\MSVC\RELEASE\CHAT_WINDOW.SBR
C:\USERS\USER\DESKTOP\DEFCON2-MASTER\TARGETS\MSVC\RELEASE\CHECKBOX.OBJ
C:\USERS\USER\DESKTOP\DEFCON2-MASTER\TARGETS\MSVC\RELEASE\CHECKBOX.SBR
C:\USERS\USER\DESKTOP\DEFCON2-MASTER\TARGETS\MSVC\RELEASE\CITY.OBJ
C:\USERS\USER\DESKTOP\DEFCON2-MASTER\TARGETS\MSVC\RELEASE\CITY.SBR
C:\Users\user\Desktop\DEFCON2-master\targets\msvc\Release\cl.command.1.tlog
C:\Users\user\Desktop\DEFCON2-master\targets\msvc\Release\CL.read.1.tlog
C:\Users\user\Desktop\DEFCON2-master\targets\msvc\Release\CL.write.1.tlog
C:\USERS\USER\DESKTOP\DEFCON2-MASTER\TARGETS\MSVC\RELEASE\CLIENTTOSERVER.OBJ
C:\USERS\USER\DESKTOP\DEFCON2-MASTER\TARGETS\MSVC\RELEASE\CLIENTTOSERVER.SBR
C:\USERS\USER\DESKTOP\DEFCON2-MASTER\TARGETS\MSVC\RELEASE\COLOUR.OBJ
C:\USERS\USER\DESKTOP\DEFCON2-MASTER\TARGETS\MSVC\RELEASE\COLOUR.SBR
C:\USERS\USER\DESKTOP\DEFCON2-MASTER\TARGETS\MSVC\RELEASE\CONNECTING_WINDOW.OBJ
C:\USERS\USER\DESKTOP\DEFCON2-MASTER\TARGETS\MSVC\RELEASE\CONNECTING_WINDOW.SBR
C:\USERS\USER\DESKTOP\DEFCON2-MASTER\TARGETS\MSVC\RELEASE\CORE.OBJ
C:\USERS\USER\DESKTOP\DEFCON2-MASTER\TARGETS\MSVC\RELEASE\CORE.SBR
C:\USERS\USER\DESKTOP\DEFCON2-MASTER\TARGETS\MSVC\RELEASE\DATE.OBJ
C:\USERS\USER\DESKTOP\DEFCON2-MASTER\TARGETS\MSVC\RELEASE\DATE.SBR
C:\USERS\USER\DESKTOP\DEFCON2-MASTER\TARGETS\MSVC\RELEASE\DEBUG_UTILS.OBJ
C:\USERS\USER\DESKTOP\DEFCON2-MASTER\TARGETS\MSVC\RELEASE\DEBUG_UTILS.SBR
C:\USERS\USER\DESKTOP\DEFCON2-MASTER\TARGETS\MSVC\RELEASE\DEBUG_WINDOW.OBJ
C:\USERS\USER\DESKTOP\DEFCON2-MASTER\TARGETS\MSVC\RELEASE\DEBUG_WINDOW.SBR
C:\USERS\USER\DESKTOP\DEFCON2-MASTER\TARGETS\MSVC\RELEASE\DEFCON.BSC
C:\USERS\USER\DESKTOP\DEFCON2-MASTER\TARGETS\MSVC\RELEASE\DEFCON.EXE.INTERMEDIATE.MANIFEST
C:\USERS\USER\DESKTOP\DEFCON2-MASTER\TARGETS\MSVC\RELEASE\DEFCON.OBJ
C:\USERS\USER\DESKTOP\DEFCON2-MASTER\TARGETS\MSVC\RELEASE\DEFCON.PCH
C:\USERS\USER\DESKTOP\DEFCON2-MASTER\TARGETS\MSVC\RELEASE\DEFCON.SBR
C:\USERS\USER\DESKTOP\DEFCON2-MASTER\TARGETS\MSVC\RELEASE\DEFCON_SOUNDINTERFACE.OBJ
C:\USERS\USER\DESKTOP\DEFCON2-MASTER\TARGETS\MSVC\RELEASE\DEFCON_SOUNDINTERFACE.SBR
C:\USERS\USER\DESKTOP\DEFCON2-MASTER\TARGETS\MSVC\RELEASE\DEMO_WINDOW.OBJ
C:\USERS\USER\DESKTOP\DEFCON2-MASTER\TARGETS\MSVC\RELEASE\DEMO_WINDOW.SBR
C:\USERS\USER\DESKTOP\DEFCON2-MASTER\TARGETS\MSVC\RELEASE\DEPTHCHARGE.OBJ
C:\USERS\USER\DESKTOP\DEFCON2-MASTER\TARGETS\MSVC\RELEASE\DEPTHCHARGE.SBR
C:\USERS\USER\DESKTOP\DEFCON2-MASTER\TARGETS\MSVC\RELEASE\DIRECTORY.OBJ
C:\USERS\USER\DESKTOP\DEFCON2-MASTER\TARGETS\MSVC\RELEASE\DIRECTORY.SBR
C:\USERS\USER\DESKTOP\DEFCON2-MASTER\TARGETS\MSVC\RELEASE\DROP_DOWN_MENU.OBJ
C:\USERS\USER\DESKTOP\DEFCON2-MASTER\TARGETS\MSVC\RELEASE\DROP_DOWN_MENU.SBR
C:\USERS\USER\DESKTOP\DEFCON2-MASTER\TARGETS\MSVC\RELEASE\EARTHDATA.OBJ
C:\USERS\USER\DESKTOP\DEFCON2-MASTER\TARGETS\MSVC\RELEASE\EARTHDATA.SBR
C:\USERS\USER\DESKTOP\DEFCON2-MASTER\TARGETS\MSVC\RELEASE\ECLBUTTON.OBJ
C:\USERS\USER\DESKTOP\DEFCON2-MASTER\TARGETS\MSVC\RELEASE\ECLBUTTON.SBR
C:\USERS\USER\DESKTOP\DEFCON2-MASTER\TARGETS\MSVC\RELEASE\ECLIPSE.OBJ
C:\USERS\USER\DESKTOP\DEFCON2-MASTER\TARGETS\MSVC\RELEASE\ECLIPSE.SBR
C:\USERS\USER\DESKTOP\DEFCON2-MASTER\TARGETS\MSVC\RELEASE\ECLWINDOW.OBJ
C:\USERS\USER\DESKTOP\DEFCON2-MASTER\TARGETS\MSVC\RELEASE\ECLWINDOW.SBR
C:\USERS\USER\DESKTOP\DEFCON2-MASTER\TARGETS\MSVC\RELEASE\EXCEPTION_HANDLER.OBJ
C:\USERS\USER\DESKTOP\DEFCON2-MASTER\TARGETS\MSVC\RELEASE\EXCEPTION_HANDLER.SBR
C:\USERS\USER\DESKTOP\DEFCON2-MASTER\TARGETS\MSVC\RELEASE\EXPLOSION.OBJ
C:\USERS\USER\DESKTOP\DEFCON2-MASTER\TARGETS\MSVC\RELEASE\EXPLOSION.SBR
C:\USERS\USER\DESKTOP\DEFCON2-MASTER\TARGETS\MSVC\RELEASE\FADING_WINDOW.OBJ
C:\USERS\USER\DESKTOP\DEFCON2-MASTER\TARGETS\MSVC\RELEASE\FADING_WINDOW.SBR
C:\USERS\USER\DESKTOP\DEFCON2-MASTER\TARGETS\MSVC\RELEASE\FIGHTER.OBJ
C:\USERS\USER\DESKTOP\DEFCON2-MASTER\TARGETS\MSVC\RELEASE\FIGHTER.SBR
C:\USERS\USER\DESKTOP\DEFCON2-MASTER\TARGETS\MSVC\RELEASE\FILE_SYSTEM.OBJ
C:\USERS\USER\DESKTOP\DEFCON2-MASTER\TARGETS\MSVC\RELEASE\FILE_SYSTEM.SBR
C:\USERS\USER\DESKTOP\DEFCON2-MASTER\TARGETS\MSVC\RELEASE\FILEDIALOG.OBJ
C:\USERS\USER\DESKTOP\DEFCON2-MASTER\TARGETS\MSVC\RELEASE\FILEDIALOG.SBR
C:\USERS\USER\DESKTOP\DEFCON2-MASTER\TARGETS\MSVC\RELEASE\FILESYS_UTILS.OBJ
C:\USERS\USER\DESKTOP\DEFCON2-MASTER\TARGETS\MSVC\RELEASE\FILESYS_UTILS.SBR
C:\USERS\USER\DESKTOP\DEFCON2-MASTER\TARGETS\MSVC\RELEASE\FIXED_64.OBJ
C:\USERS\USER\DESKTOP\DEFCON2-MASTER\TARGETS\MSVC\RELEASE\FIXED_64.SBR
C:\USERS\USER\DESKTOP\DEFCON2-MASTER\TARGETS\MSVC\RELEASE\FIXED_FLOAT.OBJ
C:\USERS\USER\DESKTOP\DEFCON2-MASTER\TARGETS\MSVC\RELEASE\FIXED_FLOAT.SBR
C:\USERS\USER\DESKTOP\DEFCON2-MASTER\TARGETS\MSVC\RELEASE\FLEET.OBJ
C:\USERS\USER\DESKTOP\DEFCON2-MASTER\TARGETS\MSVC\RELEASE\FLEET.SBR
C:\USERS\USER\DESKTOP\DEFCON2-MASTER\TARGETS\MSVC\RELEASE\FLEET_PLACEMENT_ICON.OBJ
C:\USERS\USER\DESKTOP\DEFCON2-MASTER\TARGETS\MSVC\RELEASE\FLEET_PLACEMENT_ICON.SBR
C:\USERS\USER\DESKTOP\DEFCON2-MASTER\TARGETS\MSVC\RELEASE\GAME.OBJ
C:\USERS\USER\DESKTOP\DEFCON2-MASTER\TARGETS\MSVC\RELEASE\GAME.SBR
C:\USERS\USER\DESKTOP\DEFCON2-MASTER\TARGETS\MSVC\RELEASE\GAME_HISTORY.OBJ
C:\USERS\USER\DESKTOP\DEFCON2-MASTER\TARGETS\MSVC\RELEASE\GAME_HISTORY.SBR
C:\USERS\USER\DESKTOP\DEFCON2-MASTER\TARGETS\MSVC\RELEASE\GETWINVER.OBJ
C:\USERS\USER\DESKTOP\DEFCON2-MASTER\TARGETS\MSVC\RELEASE\GETWINVER.SBR
C:\USERS\USER\DESKTOP\DEFCON2-MASTER\TARGETS\MSVC\RELEASE\GUNFIRE.OBJ
C:\USERS\USER\DESKTOP\DEFCON2-MASTER\TARGETS\MSVC\RELEASE\GUNFIRE.SBR
C:\USERS\USER\DESKTOP\DEFCON2-MASTER\TARGETS\MSVC\RELEASE\HASH.OBJ
C:\USERS\USER\DESKTOP\DEFCON2-MASTER\TARGETS\MSVC\RELEASE\HASH.SBR
C:\USERS\USER\DESKTOP\DEFCON2-MASTER\TARGETS\MSVC\RELEASE\HI_RES_TIME.OBJ
C:\USERS\USER\DESKTOP\DEFCON2-MASTER\TARGETS\MSVC\RELEASE\HI_RES_TIME.SBR
C:\USERS\USER\DESKTOP\DEFCON2-MASTER\TARGETS\MSVC\RELEASE\IMAGE.OBJ
C:\USERS\USER\DESKTOP\DEFCON2-MASTER\TARGETS\MSVC\RELEASE\IMAGE.SBR
C:\USERS\USER\DESKTOP\DEFCON2-MASTER\TARGETS\MSVC\RELEASE\INFO_WINDOW.OBJ
C:\USERS\USER\DESKTOP\DEFCON2-MASTER\TARGETS\MSVC\RELEASE\INFO_WINDOW.SBR
C:\USERS\USER\DESKTOP\DEFCON2-MASTER\TARGETS\MSVC\RELEASE\INPUT.OBJ
C:\USERS\USER\DESKTOP\DEFCON2-MASTER\TARGETS\MSVC\RELEASE\INPUT.SBR
C:\USERS\USER\DESKTOP\DEFCON2-MASTER\TARGETS\MSVC\RELEASE\INPUT_WIN32.OBJ
C:\USERS\USER\DESKTOP\DEFCON2-MASTER\TARGETS\MSVC\RELEASE\INPUT_WIN32.SBR
C:\USERS\USER\DESKTOP\DEFCON2-MASTER\TARGETS\MSVC\RELEASE\INPUTFIELD.OBJ
C:\USERS\USER\DESKTOP\DEFCON2-MASTER\TARGETS\MSVC\RELEASE\INPUTFIELD.SBR
C:\USERS\USER\DESKTOP\DEFCON2-MASTER\TARGETS\MSVC\RELEASE\INTERFACE.OBJ
C:\USERS\USER\DESKTOP\DEFCON2-MASTER\TARGETS\MSVC\RELEASE\INTERFACE.SBR
C:\USERS\USER\DESKTOP\DEFCON2-MASTER\TARGETS\MSVC\RELEASE\LANGUAGE_TABLE.OBJ
C:\USERS\USER\DESKTOP\DEFCON2-MASTER\TARGETS\MSVC\RELEASE\LANGUAGE_TABLE.SBR
C:\Users\user\Desktop\DEFCON2-master\targets\msvc\Release\link.command.1.tlog
C:\Users\user\Desktop\DEFCON2-master\targets\msvc\Release\link.read.1.tlog
C:\Users\user\Desktop\DEFCON2-master\targets\msvc\Release\link.write.1.tlog
C:\Users\user\Desktop\DEFCON2-master\targets\msvc\Release\link-cvtres.read.1.tlog
C:\Users\user\Desktop\DEFCON2-master\targets\msvc\Release\link-cvtres.write.1.tlog
C:\USERS\USER\DESKTOP\DEFCON2-MASTER\TARGETS\MSVC\RELEASE\LOBBY_RENDERER.OBJ
C:\USERS\USER\DESKTOP\DEFCON2-MASTER\TARGETS\MSVC\RELEASE\LOBBY_RENDERER.SBR
C:\USERS\USER\DESKTOP\DEFCON2-MASTER\TARGETS\MSVC\RELEASE\LOBBY_WINDOW.OBJ
C:\USERS\USER\DESKTOP\DEFCON2-MASTER\TARGETS\MSVC\RELEASE\LOBBY_WINDOW.SBR
C:\USERS\USER\DESKTOP\DEFCON2-MASTER\TARGETS\MSVC\RELEASE\MAINMENU.OBJ
C:\USERS\USER\DESKTOP\DEFCON2-MASTER\TARGETS\MSVC\RELEASE\MAINMENU.SBR
C:\USERS\USER\DESKTOP\DEFCON2-MASTER\TARGETS\MSVC\RELEASE\MAP_RENDERER.OBJ
C:\USERS\USER\DESKTOP\DEFCON2-MASTER\TARGETS\MSVC\RELEASE\MAP_RENDERER.SBR
C:\USERS\USER\DESKTOP\DEFCON2-MASTER\TARGETS\MSVC\RELEASE\MATCHMAKER.OBJ
C:\USERS\USER\DESKTOP\DEFCON2-MASTER\TARGETS\MSVC\RELEASE\MATCHMAKER.SBR
C:\USERS\USER\DESKTOP\DEFCON2-MASTER\TARGETS\MSVC\RELEASE\MATH_UTILS.OBJ
C:\USERS\USER\DESKTOP\DEFCON2-MASTER\TARGETS\MSVC\RELEASE\MATH_UTILS.SBR
C:\USERS\USER\DESKTOP\DEFCON2-MASTER\TARGETS\MSVC\RELEASE\MEMORY_LEAK.OBJ
C:\USERS\USER\DESKTOP\DEFCON2-MASTER\TARGETS\MSVC\RELEASE\MEMORY_LEAK.SBR
C:\USERS\USER\DESKTOP\DEFCON2-MASTER\TARGETS\MSVC\RELEASE\MESSAGE_DIALOG.OBJ
C:\USERS\USER\DESKTOP\DEFCON2-MASTER\TARGETS\MSVC\RELEASE\MESSAGE_DIALOG.SBR
C:\USERS\USER\DESKTOP\DEFCON2-MASTER\TARGETS\MSVC\RELEASE\METASERVER.OBJ
C:\USERS\USER\DESKTOP\DEFCON2-MASTER\TARGETS\MSVC\RELEASE\METASERVER.SBR
C:\USERS\USER\DESKTOP\DEFCON2-MASTER\TARGETS\MSVC\RELEASE\MINIVERSION.OBJ
C:\USERS\USER\DESKTOP\DEFCON2-MASTER\TARGETS\MSVC\RELEASE\MINIVERSION.SBR
C:\USERS\USER\DESKTOP\DEFCON2-MASTER\TARGETS\MSVC\RELEASE\MOD_WINDOW.OBJ
C:\USERS\USER\DESKTOP\DEFCON2-MASTER\TARGETS\MSVC\RELEASE\MOD_WINDOW.SBR
C:\USERS\USER\DESKTOP\DEFCON2-MASTER\TARGETS\MSVC\RELEASE\MODSYSTEM.OBJ
C:\USERS\USER\DESKTOP\DEFCON2-MASTER\TARGETS\MSVC\RELEASE\MODSYSTEM.SBR
C:\USERS\USER\DESKTOP\DEFCON2-MASTER\TARGETS\MSVC\RELEASE\MOVINGOBJECT.OBJ
C:\USERS\USER\DESKTOP\DEFCON2-MASTER\TARGETS\MSVC\RELEASE\MOVINGOBJECT.SBR
C:\Users\user\Desktop\DEFCON2-master\targets\msvc\Release\mt.command.1.tlog
C:\Users\user\Desktop\DEFCON2-master\targets\msvc\Release\mt.read.1.tlog
C:\Users\user\Desktop\DEFCON2-master\targets\msvc\Release\mt.write.1.tlog
C:\USERS\USER\DESKTOP\DEFCON2-MASTER\TARGETS\MSVC\RELEASE\MULTILINE_TEXT.OBJ
C:\USERS\USER\DESKTOP\DEFCON2-MASTER\TARGETS\MSVC\RELEASE\MULTILINE_TEXT.SBR
C:\USERS\USER\DESKTOP\DEFCON2-MASTER\TARGETS\MSVC\RELEASE\NET_LIB.OBJ
C:\USERS\USER\DESKTOP\DEFCON2-MASTER\TARGETS\MSVC\RELEASE\NET_LIB.SBR
C:\USERS\USER\DESKTOP\DEFCON2-MASTER\TARGETS\MSVC\RELEASE\NET_MUTEX_WIN32.OBJ
C:\USERS\USER\DESKTOP\DEFCON2-MASTER\TARGETS\MSVC\RELEASE\NET_MUTEX_WIN32.SBR
C:\USERS\USER\DESKTOP\DEFCON2-MASTER\TARGETS\MSVC\RELEASE\NET_SOCKET.OBJ
C:\USERS\USER\DESKTOP\DEFCON2-MASTER\TARGETS\MSVC\RELEASE\NET_SOCKET.SBR
C:\USERS\USER\DESKTOP\DEFCON2-MASTER\TARGETS\MSVC\RELEASE\NET_SOCKET_LISTENER.OBJ
C:\USERS\USER\DESKTOP\DEFCON2-MASTER\TARGETS\MSVC\RELEASE\NET_SOCKET_LISTENER.SBR
C:\USERS\USER\DESKTOP\DEFCON2-MASTER\TARGETS\MSVC\RELEASE\NET_SOCKET_SESSION.OBJ
C:\USERS\USER\DESKTOP\DEFCON2-MASTER\TARGETS\MSVC\RELEASE\NET_SOCKET_SESSION.SBR
C:\USERS\USER\DESKTOP\DEFCON2-MASTER\TARGETS\MSVC\RELEASE\NET_THREAD_WIN32.OBJ
C:\USERS\USER\DESKTOP\DEFCON2-MASTER\TARGETS\MSVC\RELEASE\NET_THREAD_WIN32.SBR
C:\USERS\USER\DESKTOP\DEFCON2-MASTER\TARGETS\MSVC\RELEASE\NET_UDP_PACKET.OBJ
C:\USERS\USER\DESKTOP\DEFCON2-MASTER\TARGETS\MSVC\RELEASE\NET_UDP_PACKET.SBR
C:\USERS\USER\DESKTOP\DEFCON2-MASTER\TARGETS\MSVC\RELEASE\NETWORK_WINDOW.OBJ
C:\USERS\USER\DESKTOP\DEFCON2-MASTER\TARGETS\MSVC\RELEASE\NETWORK_WINDOW.SBR
C:\USERS\USER\DESKTOP\DEFCON2-MASTER\TARGETS\MSVC\RELEASE\NODE.OBJ
C:\USERS\USER\DESKTOP\DEFCON2-MASTER\TARGETS\MSVC\RELEASE\NODE.SBR
C:\USERS\USER\DESKTOP\DEFCON2-MASTER\TARGETS\MSVC\RELEASE\NUKE.OBJ
C:\USERS\USER\DESKTOP\DEFCON2-MASTER\TARGETS\MSVC\RELEASE\NUKE.SBR
C:\USERS\USER\DESKTOP\DEFCON2-MASTER\TARGETS\MSVC\RELEASE\NUKE_AUTHORIZATION.OBJ
C:\USERS\USER\DESKTOP\DEFCON2-MASTER\TARGETS\MSVC\RELEASE\NUKE_AUTHORIZATION.SBR
C:\USERS\USER\DESKTOP\DEFCON2-MASTER\TARGETS\MSVC\RELEASE\PLACEMENT_ICON.OBJ
C:\USERS\USER\DESKTOP\DEFCON2-MASTER\TARGETS\MSVC\RELEASE\PLACEMENT_ICON.SBR
C:\USERS\USER\DESKTOP\DEFCON2-MASTER\TARGETS\MSVC\RELEASE\PREFERENCES.OBJ
C:\USERS\USER\DESKTOP\DEFCON2-MASTER\TARGETS\MSVC\RELEASE\PREFERENCES.SBR
C:\USERS\USER\DESKTOP\DEFCON2-MASTER\TARGETS\MSVC\RELEASE\PROFILE_WINDOW.OBJ
C:\USERS\USER\DESKTOP\DEFCON2-MASTER\TARGETS\MSVC\RELEASE\PROFILE_WINDOW.SBR
C:\USERS\USER\DESKTOP\DEFCON2-MASTER\TARGETS\MSVC\RELEASE\PROFILER.OBJ
C:\USERS\USER\DESKTOP\DEFCON2-MASTER\TARGETS\MSVC\RELEASE\PROFILER.SBR
C:\USERS\USER\DESKTOP\DEFCON2-MASTER\TARGETS\MSVC\RELEASE\RADARGRID.OBJ
C:\USERS\USER\DESKTOP\DEFCON2-MASTER\TARGETS\MSVC\RELEASE\RADARGRID.SBR
C:\USERS\USER\DESKTOP\DEFCON2-MASTER\TARGETS\MSVC\RELEASE\RADARSTATION.OBJ
C:\USERS\USER\DESKTOP\DEFCON2-MASTER\TARGETS\MSVC\RELEASE\RADARSTATION.SBR
C:\USERS\USER\DESKTOP\DEFCON2-MASTER\TARGETS\MSVC\RELEASE\RANDOM_NUMBER.OBJ
C:\USERS\USER\DESKTOP\DEFCON2-MASTER\TARGETS\MSVC\RELEASE\RANDOM_NUMBER.SBR
C:\Users\user\Desktop\DEFCON2-master\targets\msvc\Release\rc.command.1.tlog
C:\Users\user\Desktop\DEFCON2-master\targets\msvc\Release\rc.read.1.tlog
C:\Users\user\Desktop\DEFCON2-master\targets\msvc\Release\rc.write.1.tlog
C:\USERS\USER\DESKTOP\DEFCON2-MASTER\TARGETS\MSVC\RELEASE\RENDERER.OBJ
C:\USERS\USER\DESKTOP\DEFCON2-MASTER\TARGETS\MSVC\RELEASE\RENDERER.SBR
C:\USERS\USER\DESKTOP\DEFCON2-MASTER\TARGETS\MSVC\RELEASE\RESOURCE.OBJ
C:\USERS\USER\DESKTOP\DEFCON2-MASTER\TARGETS\MSVC\RELEASE\RESOURCE.SBR
C:\USERS\USER\DESKTOP\DEFCON2-MASTER\TARGETS\MSVC\RELEASE\RESYNCHRONISE_WINDOW.OBJ
C:\USERS\USER\DESKTOP\DEFCON2-MASTER\TARGETS\MSVC\RELEASE\RESYNCHRONISE_WINDOW.SBR
C:\USERS\USER\DESKTOP\DEFCON2-MASTER\TARGETS\MSVC\RELEASE\SAUCER.OBJ
C:\USERS\USER\DESKTOP\DEFCON2-MASTER\TARGETS\MSVC\RELEASE\SAUCER.SBR
C:\USERS\USER\DESKTOP\DEFCON2-MASTER\TARGETS\MSVC\RELEASE\SCREENOPTIONS_WINDOW.OBJ
C:\USERS\USER\DESKTOP\DEFCON2-MASTER\TARGETS\MSVC\RELEASE\SCREENOPTIONS_WINDOW.SBR
C:\USERS\USER\DESKTOP\DEFCON2-MASTER\TARGETS\MSVC\RELEASE\SCRIPT1.RES
C:\USERS\USER\DESKTOP\DEFCON2-MASTER\TARGETS\MSVC\RELEASE\SCROLLBAR.OBJ
C:\USERS\USER\DESKTOP\DEFCON2-MASTER\TARGETS\MSVC\RELEASE\SCROLLBAR.SBR
C:\USERS\USER\DESKTOP\DEFCON2-MASTER\TARGETS\MSVC\RELEASE\SERVER.OBJ
C:\USERS\USER\DESKTOP\DEFCON2-MASTER\TARGETS\MSVC\RELEASE\SERVER.SBR
C:\USERS\USER\DESKTOP\DEFCON2-MASTER\TARGETS\MSVC\RELEASE\SERVERBROWSER_WINDOW.OBJ
C:\USERS\USER\DESKTOP\DEFCON2-MASTER\TARGETS\MSVC\RELEASE\SERVERBROWSER_WINDOW.SBR
C:\USERS\USER\DESKTOP\DEFCON2-MASTER\TARGETS\MSVC\RELEASE\SERVERDETAILS_WINDOW.OBJ
C:\USERS\USER\DESKTOP\DEFCON2-MASTER\TARGETS\MSVC\RELEASE\SERVERDETAILS_WINDOW.SBR
C:\USERS\USER\DESKTOP\DEFCON2-MASTER\TARGETS\MSVC\RELEASE\SERVERTOCLIENT.OBJ
C:\USERS\USER\DESKTOP\DEFCON2-MASTER\TARGETS\MSVC\RELEASE\SERVERTOCLIENT.SBR
C:\USERS\USER\DESKTOP\DEFCON2-MASTER\TARGETS\MSVC\RELEASE\SHA512.OBJ
C:\USERS\USER\DESKTOP\DEFCON2-MASTER\TARGETS\MSVC\RELEASE\SHA512.SBR
C:\USERS\USER\DESKTOP\DEFCON2-MASTER\TARGETS\MSVC\RELEASE\SIDE_PANEL.OBJ
C:\USERS\USER\DESKTOP\DEFCON2-MASTER\TARGETS\MSVC\RELEASE\SIDE_PANEL.SBR
C:\USERS\USER\DESKTOP\DEFCON2-MASTER\TARGETS\MSVC\RELEASE\SILO.OBJ
C:\USERS\USER\DESKTOP\DEFCON2-MASTER\TARGETS\MSVC\RELEASE\SILO.SBR
C:\USERS\USER\DESKTOP\DEFCON2-MASTER\TARGETS\MSVC\RELEASE\SOUND_BLUEPRINT_MANAGER.OBJ
C:\USERS\USER\DESKTOP\DEFCON2-MASTER\TARGETS\MSVC\RELEASE\SOUND_BLUEPRINT_MANAGER.SBR
C:\USERS\USER\DESKTOP\DEFCON2-MASTER\TARGETS\MSVC\RELEASE\SOUND_FILTER.OBJ
C:\USERS\USER\DESKTOP\DEFCON2-MASTER\TARGETS\MSVC\RELEASE\SOUND_FILTER.SBR
C:\USERS\USER\DESKTOP\DEFCON2-MASTER\TARGETS\MSVC\RELEASE\SOUND_INSTANCE.OBJ
C:\USERS\USER\DESKTOP\DEFCON2-MASTER\TARGETS\MSVC\RELEASE\SOUND_INSTANCE.SBR
C:\USERS\USER\DESKTOP\DEFCON2-MASTER\TARGETS\MSVC\RELEASE\SOUND_LIBRARY_2D.OBJ
C:\USERS\USER\DESKTOP\DEFCON2-MASTER\TARGETS\MSVC\RELEASE\SOUND_LIBRARY_2D.SBR
C:\USERS\USER\DESKTOP\DEFCON2-MASTER\TARGETS\MSVC\RELEASE\SOUND_LIBRARY_3D.OBJ
C:\USERS\USER\DESKTOP\DEFCON2-MASTER\TARGETS\MSVC\RELEASE\SOUND_LIBRARY_3D.SBR
C:\USERS\USER\DESKTOP\DEFCON2-MASTER\TARGETS\MSVC\RELEASE\SOUND_LIBRARY_3D_DSOUND.OBJ
C:\USERS\USER\DESKTOP\DEFCON2-MASTER\TARGETS\MSVC\RELEASE\SOUND_LIBRARY_3D_DSOUND.SBR
C:\USERS\USER\DESKTOP\DEFCON2-MASTER\TARGETS\MSVC\RELEASE\SOUND_PARAMETER.OBJ
C:\USERS\USER\DESKTOP\DEFCON2-MASTER\TARGETS\MSVC\RELEASE\SOUND_PARAMETER.SBR
C:\USERS\USER\DESKTOP\DEFCON2-MASTER\TARGETS\MSVC\RELEASE\SOUND_SAMPLE_BANK.OBJ
C:\USERS\USER\DESKTOP\DEFCON2-MASTER\TARGETS\MSVC\RELEASE\SOUND_SAMPLE_BANK.SBR
C:\USERS\USER\DESKTOP\DEFCON2-MASTER\TARGETS\MSVC\RELEASE\SOUND_SAMPLE_DECODER.OBJ
C:\USERS\USER\DESKTOP\DEFCON2-MASTER\TARGETS\MSVC\RELEASE\SOUND_SAMPLE_DECODER.SBR
C:\USERS\USER\DESKTOP\DEFCON2-MASTER\TARGETS\MSVC\RELEASE\SOUNDEDITOR_WINDOW.OBJ
C:\USERS\USER\DESKTOP\DEFCON2-MASTER\TARGETS\MSVC\RELEASE\SOUNDEDITOR_WINDOW.SBR
C:\USERS\USER\DESKTOP\DEFCON2-MASTER\TARGETS\MSVC\RELEASE\SOUNDOPTIONS_WINDOW.OBJ
C:\USERS\USER\DESKTOP\DEFCON2-MASTER\TARGETS\MSVC\RELEASE\SOUNDOPTIONS_WINDOW.SBR
C:\USERS\USER\DESKTOP\DEFCON2-MASTER\TARGETS\MSVC\RELEASE\SOUNDPARAMETER_WINDOW.OBJ
C:\USERS\USER\DESKTOP\DEFCON2-MASTER\TARGETS\MSVC\RELEASE\SOUNDPARAMETER_WINDOW.SBR
C:\USERS\USER\DESKTOP\DEFCON2-MASTER\TARGETS\MSVC\RELEASE\SOUNDSTATS_WINDOW.OBJ
C:\USERS\USER\DESKTOP\DEFCON2-MASTER\TARGETS\MSVC\RELEASE\SOUNDSTATS_WINDOW.SBR
C:\USERS\USER\DESKTOP\DEFCON2-MASTER\TARGETS\MSVC\RELEASE\SOUNDSYSTEM.OBJ
C:\USERS\USER\DESKTOP\DEFCON2-MASTER\TARGETS\MSVC\RELEASE\SOUNDSYSTEM.SBR
C:\USERS\USER\DESKTOP\DEFCON2-MASTER\TARGETS\MSVC\RELEASE\SOUNDSYSTEM_INTERFACE.OBJ
C:\USERS\USER\DESKTOP\DEFCON2-MASTER\TARGETS\MSVC\RELEASE\SOUNDSYSTEM_INTERFACE.SBR
C:\USERS\USER\DESKTOP\DEFCON2-MASTER\TARGETS\MSVC\RELEASE\STATUSICON.OBJ
C:\USERS\USER\DESKTOP\DEFCON2-MASTER\TARGETS\MSVC\RELEASE\STATUSICON.SBR
C:\USERS\USER\DESKTOP\DEFCON2-MASTER\TARGETS\MSVC\RELEASE\STRING_UTILS.OBJ
C:\USERS\USER\DESKTOP\DEFCON2-MASTER\TARGETS\MSVC\RELEASE\STRING_UTILS.SBR
C:\USERS\USER\DESKTOP\DEFCON2-MASTER\TARGETS\MSVC\RELEASE\STYLEEDITOR_WINDOW.OBJ
C:\USERS\USER\DESKTOP\DEFCON2-MASTER\TARGETS\MSVC\RELEASE\STYLEEDITOR_WINDOW.SBR
C:\USERS\USER\DESKTOP\DEFCON2-MASTER\TARGETS\MSVC\RELEASE\STYLETABLE.OBJ
C:\USERS\USER\DESKTOP\DEFCON2-MASTER\TARGETS\MSVC\RELEASE\STYLETABLE.SBR
C:\USERS\USER\DESKTOP\DEFCON2-MASTER\TARGETS\MSVC\RELEASE\SUB.OBJ
C:\USERS\USER\DESKTOP\DEFCON2-MASTER\TARGETS\MSVC\RELEASE\SUB.SBR
C:\USERS\USER\DESKTOP\DEFCON2-MASTER\TARGETS\MSVC\RELEASE\TEAM.OBJ
C:\USERS\USER\DESKTOP\DEFCON2-MASTER\TARGETS\MSVC\RELEASE\TEAM.SBR
C:\USERS\USER\DESKTOP\DEFCON2-MASTER\TARGETS\MSVC\RELEASE\TEXT_FILE_WRITER.OBJ
C:\USERS\USER\DESKTOP\DEFCON2-MASTER\TARGETS\MSVC\RELEASE\TEXT_FILE_WRITER.SBR
C:\USERS\USER\DESKTOP\DEFCON2-MASTER\TARGETS\MSVC\RELEASE\TEXT_STREAM_READERS.OBJ
C:\USERS\USER\DESKTOP\DEFCON2-MASTER\TARGETS\MSVC\RELEASE\TEXT_STREAM_READERS.SBR
C:\USERS\USER\DESKTOP\DEFCON2-MASTER\TARGETS\MSVC\RELEASE\TOOLBAR.OBJ
C:\USERS\USER\DESKTOP\DEFCON2-MASTER\TARGETS\MSVC\RELEASE\TOOLBAR.SBR
C:\USERS\USER\DESKTOP\DEFCON2-MASTER\TARGETS\MSVC\RELEASE\TORNADO.OBJ
C:\USERS\USER\DESKTOP\DEFCON2-MASTER\TARGETS\MSVC\RELEASE\TORNADO.SBR
C:\USERS\USER\DESKTOP\DEFCON2-MASTER\TARGETS\MSVC\RELEASE\TRAYICON.OBJ
C:\USERS\USER\DESKTOP\DEFCON2-MASTER\TARGETS\MSVC\RELEASE\TRAYICON.SBR
C:\USERS\USER\DESKTOP\DEFCON2-MASTER\TARGETS\MSVC\RELEASE\TUTORIAL.OBJ
C:\USERS\USER\DESKTOP\DEFCON2-MASTER\TARGETS\MSVC\RELEASE\TUTORIAL.SBR
C:\USERS\USER\DESKTOP\DEFCON2-MASTER\TARGETS\MSVC\RELEASE\TUTORIAL_DEFCON.OBJ
C:\USERS\USER\DESKTOP\DEFCON2-MASTER\TARGETS\MSVC\RELEASE\TUTORIAL_DEFCON.SBR
C:\USERS\USER\DESKTOP\DEFCON2-MASTER\TARGETS\MSVC\RELEASE\TUTORIAL_WINDOW.OBJ
C:\USERS\USER\DESKTOP\DEFCON2-MASTER\TARGETS\MSVC\RELEASE\TUTORIAL_WINDOW.SBR
C:\USERS\USER\DESKTOP\DEFCON2-MASTER\TARGETS\MSVC\RELEASE\UNIVERSAL_INCLUDE.OBJ
C:\USERS\USER\DESKTOP\DEFCON2-MASTER\TARGETS\MSVC\RELEASE\UNIVERSAL_INCLUDE.SBR
C:\USERS\USER\DESKTOP\DEFCON2-MASTER\TARGETS\MSVC\RELEASE\VC100.PDB
C:\USERS\USER\DESKTOP\DEFCON2-MASTER\TARGETS\MSVC\RELEASE\VECTOR3.OBJ
C:\USERS\USER\DESKTOP\DEFCON2-MASTER\TARGETS\MSVC\RELEASE\VECTOR3.SBR
C:\USERS\USER\DESKTOP\DEFCON2-MASTER\TARGETS\MSVC\RELEASE\VERSION_MANAGER.OBJ
C:\USERS\USER\DESKTOP\DEFCON2-MASTER\TARGETS\MSVC\RELEASE\VERSION_MANAGER.SBR
C:\USERS\USER\DESKTOP\DEFCON2-MASTER\TARGETS\MSVC\RELEASE\VOTINGSYSTEM.OBJ
C:\USERS\USER\DESKTOP\DEFCON2-MASTER\TARGETS\MSVC\RELEASE\VOTINGSYSTEM.SBR
C:\USERS\USER\DESKTOP\DEFCON2-MASTER\TARGETS\MSVC\RELEASE\WHITEBOARD.OBJ
C:\USERS\USER\DESKTOP\DEFCON2-MASTER\TARGETS\MSVC\RELEASE\WHITEBOARD.SBR
C:\USERS\USER\DESKTOP\DEFCON2-MASTER\TARGETS\MSVC\RELEASE\WHITEBOARD_PANEL.OBJ
C:\USERS\USER\DESKTOP\DEFCON2-MASTER\TARGETS\MSVC\RELEASE\WHITEBOARD_PANEL.SBR
C:\USERS\USER\DESKTOP\DEFCON2-MASTER\TARGETS\MSVC\RELEASE\WINDOW_MANAGER.OBJ
C:\USERS\USER\DESKTOP\DEFCON2-MASTER\TARGETS\MSVC\RELEASE\WINDOW_MANAGER.SBR
C:\USERS\USER\DESKTOP\DEFCON2-MASTER\TARGETS\MSVC\RELEASE\WINDOW_MANAGER_WIN32.OBJ
C:\USERS\USER\DESKTOP\DEFCON2-MASTER\TARGETS\MSVC\RELEASE\WINDOW_MANAGER_WIN32.SBR
C:\USERS\USER\DESKTOP\DEFCON2-MASTER\TARGETS\MSVC\RELEASE\WORLD.OBJ
C:\USERS\USER\DESKTOP\DEFCON2-MASTER\TARGETS\MSVC\RELEASE\WORLD.SBR
C:\USERS\USER\DESKTOP\DEFCON2-MASTER\TARGETS\MSVC\RELEASE\WORLDOBJECT.OBJ
C:\USERS\USER\DESKTOP\DEFCON2-MASTER\TARGETS\MSVC\RELEASE\WORLDOBJECT.SBR
C:\USERS\USER\DESKTOP\DEFCON2-MASTER\TARGETS\MSVC\RELEASE\WORLDOBJECT_WINDOW.OBJ
C:\USERS\USER\DESKTOP\DEFCON2-MASTER\TARGETS\MSVC\RELEASE\WORLDOBJECT_WINDOW.SBR
C:\USERS\USER\DESKTOP\DEFCON2-MASTER\TARGETS\MSVC\RELEASE\WORLDSTATUS_WINDOW.OBJ
C:\USERS\USER\DESKTOP\DEFCON2-MASTER\TARGETS\MSVC\RELEASE\WORLDSTATUS_WINDOW.SBR
